  [1m[36m (187.2ms)[0m  [1mCREATE TABLE "schema_migrations" ("version" character varying(255) NOT NULL) [0m
  [1m[35m (19.8ms)[0m  CREATE UNIQUE INDEX  "unique_schema_migrations" ON "schema_migrations"  ("version")
  [1m[36mActiveRecord::SchemaMigration Load (0.9ms)[0m  [1mSELECT "schema_migrations".* FROM "schema_migrations"[0m
Migrating to CreateGames (20141217232230)
  [1m[35m (16.8ms)[0m  BEGIN
  [1m[36m (207.6ms)[0m  [1mCREATE TABLE "games" ("id" serial primary key, "category" character varying(255), "question" character varying(255), "answer" character varying(255), "score" integer, "chomper" character varying(255), "created_at" timestamp, "updated_at" timestamp) [0m
  [1m[35mSQL (30.6ms)[0m  INSERT INTO "schema_migrations" ("version") VALUES ($1)  [["version", "20141217232230"]]
  [1m[36m (2.0ms)[0m  [1mCOMMIT[0m
Migrating to CreateAchievements (20141217232321)
  [1m[35m (16.5ms)[0m  BEGIN
  [1m[36m (15.0ms)[0m  [1mCREATE TABLE "achievements" ("id" serial primary key, "badge" character varying(255), "highscore" integer, "user_id" integer, "created_at" timestamp, "updated_at" timestamp) [0m
  [1m[35mSQL (1.7ms)[0m  INSERT INTO "schema_migrations" ("version") VALUES ($1)  [["version", "20141217232321"]]
  [1m[36m (1.5ms)[0m  [1mCOMMIT[0m
Migrating to CreateUsers (20141217232330)
  [1m[35m (15.5ms)[0m  BEGIN
  [1m[36m (5.4ms)[0m  [1mCREATE TABLE "users" ("id" serial primary key, "username" character varying(255) NOT NULL, "first_name" character varying(255) NOT NULL, "last_name" character varying(255), "birthday" date, "avatar" text, "password_digest" character varying(255), "created_at" timestamp, "updated_at" timestamp) [0m
  [1m[35mSQL (0.2ms)[0m  INSERT INTO "schema_migrations" ("version") VALUES ($1)  [["version", "20141217232330"]]
  [1m[36m (1.6ms)[0m  [1mCOMMIT[0m
Migrating to CreateUsersGames (20141217232410)
  [1m[35m (31.5ms)[0m  BEGIN
  [1m[36m (1.0ms)[0m  [1mCREATE TABLE "games_users" ("user_id" integer NOT NULL, "game_id" integer NOT NULL) [0m
  [1m[35mSQL (0.3ms)[0m  INSERT INTO "schema_migrations" ("version") VALUES ($1)  [["version", "20141217232410"]]
  [1m[36m (1.3ms)[0m  [1mCOMMIT[0m
  [1m[35mActiveRecord::SchemaMigration Load (0.2ms)[0m  SELECT "schema_migrations".* FROM "schema_migrations"
